  AC3AudioFileServerMediaSubsession.cpp
  AC3AudioRTPSink.cpp
  AC3AudioRTPSource.cpp
  AC3AudioStreamFramer.cpp
  ADTSAudioFileServerMediaSubsession.cpp
  ADTSAudioFileSource.cpp
  ADTSAudioStreamDiscreteFramer.cpp
  AMRAudioFileServerMediaSubsession.cpp
  AMRAudioFileSink.cpp
  AMRAudioFileSource.cpp
  AMRAudioRTPSink.cpp
  AMRAudioRTPSource.cpp
  AMRAudioSource.cpp
  AudioInputDevice.cpp
  AudioRTPSink.cpp
  AVIFileSink.cpp
  Base64.cpp
  BasicUDPSink.cpp
  BasicUDPSource.cpp
  BitVector.cpp
  正在生成代码...
  正在编译...
  ByteStreamFileSource.cpp
  ByteStreamMemoryBufferSource.cpp
  ByteStreamMultiFileSource.cpp
  DeviceSource.cpp
  DigestAuthentication.cpp
  DVVideoFileServerMediaSubsession.cpp
  DVVideoRTPSink.cpp
  DVVideoRTPSource.cpp
  DVVideoStreamFramer.cpp
  EBMLNumber.cpp
  FileServerMediaSubsession.cpp
  FileSink.cpp
  FramedFileSource.cpp
  FramedFilter.cpp
  FramedSource.cpp
  GenericMediaServer.cpp
  GSMAudioRTPSink.cpp
  H261VideoRTPSource.cpp
  H263plusVideoFileServerMediaSubsession.cpp
  H263plusVideoRTPSink.cpp
  正在生成代码...
  正在编译...
  H263plusVideoRTPSource.cpp
  H263plusVideoStreamFramer.cpp
  H263plusVideoStreamParser.cpp
  H264or5VideoFileSink.cpp
  H264or5VideoRTPSink.cpp
  H264or5VideoStreamDiscreteFramer.cpp
  H264or5VideoStreamFramer.cpp
D:\WorkSpace\sourceCode\live555\Live555Project\liveMedia\H264or5VideoStreamFramer.cpp(715,41): warning C4018: “<”: 有符号/无符号不匹配
  H264VideoFileServerMediaSubsession.cpp
  H264VideoFileSink.cpp
  H264VideoRTPSink.cpp
  H264VideoRTPSource.cpp
  H264VideoStreamDiscreteFramer.cpp
  H264VideoStreamFramer.cpp
  H265VideoFileServerMediaSubsession.cpp
  H265VideoFileSink.cpp
  H265VideoRTPSink.cpp
  H265VideoRTPSource.cpp
  H265VideoStreamDiscreteFramer.cpp
  H265VideoStreamFramer.cpp
  HLSSegmenter.cpp
  正在生成代码...
  正在编译...
  HMAC_SHA1.cpp
  InputFile.cpp
  JPEG2000VideoRTPSink.cpp
  JPEG2000VideoRTPSource.cpp
  JPEGVideoRTPSink.cpp
  JPEGVideoRTPSource.cpp
  JPEGVideoSource.cpp
  Locale.cpp
  MatroskaDemuxedTrack.cpp
  MatroskaFile.cpp
  MatroskaFileParser.cpp
  MatroskaFileServerDemux.cpp
  MatroskaFileServerMediaSubsession.cpp
  Media.cpp
  MediaSession.cpp
  MediaSink.cpp
  MediaSource.cpp
  MIKEY.cpp
D:\WorkSpace\sourceCode\live555\Live555Project\liveMedia\MIKEY.cpp(446,30): warning C4244: “=”: 从“u_int16_t”转换到“u_int8_t”，可能丢失数据
  MP3ADU.cpp
  MP3ADUdescriptor.cpp
  正在生成代码...
  正在编译...
  MP3ADUinterleaving.cpp
  MP3ADURTPSink.cpp
  MP3ADURTPSource.cpp
  MP3ADUTranscoder.cpp
  MP3AudioFileServerMediaSubsession.cpp
  MP3AudioMatroskaFileServerMediaSubsession.cpp
  MP3FileSource.cpp
  MP3Internals.cpp
  MP3InternalsHuffman.cpp
  MP3InternalsHuffmanTable.cpp
  MP3StreamState.cpp
  MP3Transcoder.cpp
  MPEG1or2AudioRTPSink.cpp
  MPEG1or2AudioRTPSource.cpp
  MPEG1or2AudioStreamFramer.cpp
  MPEG1or2Demux.cpp
  MPEG1or2DemuxedElementaryStream.cpp
  MPEG1or2DemuxedServerMediaSubsession.cpp
  MPEG1or2FileServerDemux.cpp
  MPEG1or2VideoFileServerMediaSubsession.cpp
  正在生成代码...
  正在编译...
  MPEG1or2VideoRTPSink.cpp
  MPEG1or2VideoRTPSource.cpp
  MPEG1or2VideoStreamDiscreteFramer.cpp
  MPEG1or2VideoStreamFramer.cpp
  MPEG2IndexFromTransportStream.cpp
  MPEG2TransportFileServerMediaSubsession.cpp
  MPEG2TransportStreamAccumulator.cpp
  MPEG2TransportStreamDemux.cpp
  MPEG2TransportStreamDemuxedTrack.cpp
  MPEG2TransportStreamFramer.cpp
  MPEG2TransportStreamFromESSource.cpp
  MPEG2TransportStreamFromPESSource.cpp
  MPEG2TransportStreamIndexFile.cpp
  MPEG2TransportStreamMultiplexor.cpp
D:\WorkSpace\sourceCode\live555\Live555Project\liveMedia\MPEG2TransportStreamMultiplexor.cpp(217,17): warning C4244: “=”: 从“u_int16_t”转换到“unsigned char”，可能丢失数据
D:\WorkSpace\sourceCode\live555\Live555Project\liveMedia\MPEG2TransportStreamMultiplexor.cpp(343,12): warning C4244: “=”: 从“u_int16_t”转换到“unsigned char”，可能丢失数据
  MPEG2TransportStreamParser.cpp
  MPEG2TransportStreamParser_PAT.cpp
  MPEG2TransportStreamParser_PMT.cpp
D:\WorkSpace\sourceCode\live555\Live555Project\liveMedia\MPEG2TransportStreamParser_PMT.cpp(233,25): warning C4018: “<”: 有符号/无符号不匹配
D:\WorkSpace\sourceCode\live555\Live555Project\liveMedia\MPEG2TransportStreamParser_PMT.cpp(327,25): warning C4018: “<”: 有符号/无符号不匹配
D:\WorkSpace\sourceCode\live555\Live555Project\liveMedia\MPEG2TransportStreamParser_PMT.cpp(343,25): warning C4018: “<”: 有符号/无符号不匹配
D:\WorkSpace\sourceCode\live555\Live555Project\liveMedia\MPEG2TransportStreamParser_PMT.cpp(358,25): warning C4018: “<”: 有符号/无符号不匹配
  MPEG2TransportStreamParser_STREAM.cpp
D:\WorkSpace\sourceCode\live555\Live555Project\liveMedia\MPEG2TransportStreamParser_STREAM.cpp(65,55): warning C4244: “=”: 从“time_t”转换到“long”，可能丢失数据
D:\WorkSpace\sourceCode\live555\Live555Project\liveMedia\MPEG2TransportStreamParser_STREAM.cpp(251,34): warning C4018: “>”: 有符号/无符号不匹配
  MPEG2TransportStreamTrickModeFilter.cpp
  MPEG2TransportUDPServerMediaSubsession.cpp
  正在生成代码...
  正在编译...
  MPEG4ESVideoRTPSink.cpp
  MPEG4ESVideoRTPSource.cpp
  MPEG4GenericRTPSink.cpp
  MPEG4GenericRTPSource.cpp
  MPEG4LATMAudioRTPSink.cpp
  MPEG4LATMAudioRTPSource.cpp
  MPEG4VideoFileServerMediaSubsession.cpp
  MPEG4VideoStreamDiscreteFramer.cpp
  MPEG4VideoStreamFramer.cpp
  MPEGVideoStreamFramer.cpp
  MPEGVideoStreamParser.cpp
  MultiFramedRTPSink.cpp
  MultiFramedRTPSource.cpp
  OggDemuxedTrack.cpp
  OggFile.cpp
  OggFileParser.cpp
  OggFileServerDemux.cpp
  OggFileServerMediaSubsession.cpp
  OggFileSink.cpp
D:\WorkSpace\sourceCode\live555\Live555Project\liveMedia\OggFileSink.cpp(229,56): warning C4334: “<<”: 32 位移位的结果被隐式转换为 64 位(是否希望进行 64 位移位?)
  OnDemandServerMediaSubsession.cpp
  正在生成代码...
  正在编译...
  ourMD5.cpp
  OutputFile.cpp
  PassiveServerMediaSubsession.cpp
  ProxyServerMediaSession.cpp
  QCELPAudioRTPSource.cpp
  QuickTimeFileSink.cpp
  QuickTimeGenericRTPSource.cpp
  RawVideoRTPSink.cpp
  RawVideoRTPSource.cpp
  RTCP.cpp
  RTPInterface.cpp
  RTPSink.cpp
  RTPSource.cpp
  RTSPClient.cpp
  RTSPCommon.cpp
  RTSPRegisterSender.cpp
  RTSPServer.cpp
  RTSPServerRegister.cpp
  ServerMediaSession.cpp
  SimpleRTPSink.cpp
  正在生成代码...
  正在编译...
  SimpleRTPSource.cpp
  SIPClient.cpp
  SRTPCryptographicContext.cpp
  StreamParser.cpp
  StreamReplicator.cpp
  T140TextRTPSink.cpp
  TextRTPSink.cpp
  TheoraVideoRTPSink.cpp
  TheoraVideoRTPSource.cpp
  TLSState.cpp
  uLawAudioFilter.cpp
  VideoRTPSink.cpp
  VorbisAudioRTPSink.cpp
  VorbisAudioRTPSource.cpp
  VP8VideoRTPSink.cpp
  VP8VideoRTPSource.cpp
  VP9VideoRTPSink.cpp
  VP9VideoRTPSource.cpp
  WAVAudioFileServerMediaSubsession.cpp
  WAVAudioFileSource.cpp
  正在生成代码...
  rtcp_from_spec.c
  liveMedia.vcxproj -> D:\WorkSpace\sourceCode\live555\Live555Project\Debug\liveMedia.lib
