d:\workspace\sourcecode\live555\live555project\debug\livemedia.pdb
d:\workspace\sourcecode\live555\live555project\debug\livemedia.idb
d:\workspace\sourcecode\live555\live555project\livemedia\debug\bitvector.obj
d:\workspace\sourcecode\live555\live555project\livemedia\debug\basicudpsource.obj
d:\workspace\sourcecode\live555\live555project\livemedia\debug\basicudpsink.obj
d:\workspace\sourcecode\live555\live555project\livemedia\debug\base64.obj
d:\workspace\sourcecode\live555\live555project\livemedia\debug\audioinputdevice.obj
d:\workspace\sourcecode\live555\live555project\livemedia\debug\amraudiosource.obj
d:\workspace\sourcecode\live555\live555project\livemedia\debug\amraudiofilesource.obj
d:\workspace\sourcecode\live555\live555project\livemedia\debug\amraudiofilesink.obj
d:\workspace\sourcecode\live555\live555project\livemedia\debug\adtsaudiostreamdiscreteframer.obj
d:\workspace\sourcecode\live555\live555project\livemedia\debug\adtsaudiofilesource.obj
d:\workspace\sourcecode\live555\live555project\livemedia\debug\ac3audiostreamframer.obj
d:\workspace\sourcecode\live555\live555project\livemedia\debug\framedsource.obj
d:\workspace\sourcecode\live555\live555project\livemedia\debug\framedfilter.obj
d:\workspace\sourcecode\live555\live555project\livemedia\debug\framedfilesource.obj
d:\workspace\sourcecode\live555\live555project\livemedia\debug\filesink.obj
d:\workspace\sourcecode\live555\live555project\livemedia\debug\ebmlnumber.obj
d:\workspace\sourcecode\live555\live555project\livemedia\debug\dvvideostreamframer.obj
d:\workspace\sourcecode\live555\live555project\livemedia\debug\digestauthentication.obj
d:\workspace\sourcecode\live555\live555project\livemedia\debug\devicesource.obj
d:\workspace\sourcecode\live555\live555project\livemedia\debug\bytestreammultifilesource.obj
d:\workspace\sourcecode\live555\live555project\livemedia\debug\bytestreammemorybuffersource.obj
d:\workspace\sourcecode\live555\live555project\livemedia\debug\bytestreamfilesource.obj
d:\workspace\sourcecode\live555\live555project\livemedia\debug\hlssegmenter.obj
d:\workspace\sourcecode\live555\live555project\livemedia\debug\h265videostreamframer.obj
d:\workspace\sourcecode\live555\live555project\livemedia\debug\h265videostreamdiscreteframer.obj
d:\workspace\sourcecode\live555\live555project\livemedia\debug\h265videofilesink.obj
d:\workspace\sourcecode\live555\live555project\livemedia\debug\h264videostreamframer.obj
d:\workspace\sourcecode\live555\live555project\livemedia\debug\h264videostreamdiscreteframer.obj
d:\workspace\sourcecode\live555\live555project\livemedia\debug\h264videofilesink.obj
d:\workspace\sourcecode\live555\live555project\livemedia\debug\h264or5videostreamframer.obj
d:\workspace\sourcecode\live555\live555project\livemedia\debug\h264or5videostreamdiscreteframer.obj
d:\workspace\sourcecode\live555\live555project\livemedia\debug\h263plusvideostreamparser.obj
d:\workspace\sourcecode\live555\live555project\livemedia\debug\h263plusvideostreamframer.obj
d:\workspace\sourcecode\live555\live555project\livemedia\debug\mp3adudescriptor.obj
d:\workspace\sourcecode\live555\live555project\livemedia\debug\mp3adu.obj
d:\workspace\sourcecode\live555\live555project\livemedia\debug\mikey.obj
d:\workspace\sourcecode\live555\live555project\livemedia\debug\mediasource.obj
d:\workspace\sourcecode\live555\live555project\livemedia\debug\mediasink.obj
d:\workspace\sourcecode\live555\live555project\livemedia\debug\media.obj
d:\workspace\sourcecode\live555\live555project\livemedia\debug\locale.obj
d:\workspace\sourcecode\live555\live555project\livemedia\debug\jpegvideosource.obj
d:\workspace\sourcecode\live555\live555project\livemedia\debug\inputfile.obj
d:\workspace\sourcecode\live555\live555project\livemedia\debug\mpeg1or2demuxedelementarystream.obj
d:\workspace\sourcecode\live555\live555project\livemedia\debug\mpeg1or2demux.obj
d:\workspace\sourcecode\live555\live555project\livemedia\debug\mpeg1or2audiostreamframer.obj
d:\workspace\sourcecode\live555\live555project\livemedia\debug\mp3transcoder.obj
d:\workspace\sourcecode\live555\live555project\livemedia\debug\mp3streamstate.obj
d:\workspace\sourcecode\live555\live555project\livemedia\debug\mp3internalshuffmantable.obj
d:\workspace\sourcecode\live555\live555project\livemedia\debug\mp3internalshuffman.obj
d:\workspace\sourcecode\live555\live555project\livemedia\debug\mp3internals.obj
d:\workspace\sourcecode\live555\live555project\livemedia\debug\mp3filesource.obj
d:\workspace\sourcecode\live555\live555project\livemedia\debug\mp3adutranscoder.obj
d:\workspace\sourcecode\live555\live555project\livemedia\debug\mp3aduinterleaving.obj
d:\workspace\sourcecode\live555\live555project\livemedia\debug\mpeg2transportstreamtrickmodefilter.obj
d:\workspace\sourcecode\live555\live555project\livemedia\debug\mpeg2transportstreamparser_stream.obj
d:\workspace\sourcecode\live555\live555project\livemedia\debug\mpeg2transportstreamparser_pmt.obj
d:\workspace\sourcecode\live555\live555project\livemedia\debug\mpeg2transportstreamparser_pat.obj
d:\workspace\sourcecode\live555\live555project\livemedia\debug\mpeg2transportstreamparser.obj
d:\workspace\sourcecode\live555\live555project\livemedia\debug\mpeg2transportstreammultiplexor.obj
d:\workspace\sourcecode\live555\live555project\livemedia\debug\mpeg2transportstreamindexfile.obj
d:\workspace\sourcecode\live555\live555project\livemedia\debug\mpeg2transportstreamfrompessource.obj
d:\workspace\sourcecode\live555\live555project\livemedia\debug\mpeg2transportstreamfromessource.obj
d:\workspace\sourcecode\live555\live555project\livemedia\debug\mpeg2transportstreamframer.obj
d:\workspace\sourcecode\live555\live555project\livemedia\debug\mpeg2transportstreamdemuxedtrack.obj
d:\workspace\sourcecode\live555\live555project\livemedia\debug\mpeg2transportstreamdemux.obj
d:\workspace\sourcecode\live555\live555project\livemedia\debug\mpeg2transportstreamaccumulator.obj
d:\workspace\sourcecode\live555\live555project\livemedia\debug\mpeg2indexfromtransportstream.obj
d:\workspace\sourcecode\live555\live555project\livemedia\debug\mpeg1or2videostreamframer.obj
d:\workspace\sourcecode\live555\live555project\livemedia\debug\mpeg1or2videostreamdiscreteframer.obj
d:\workspace\sourcecode\live555\live555project\livemedia\debug\mpegvideostreamparser.obj
d:\workspace\sourcecode\live555\live555project\livemedia\debug\mpegvideostreamframer.obj
d:\workspace\sourcecode\live555\live555project\livemedia\debug\mpeg4videostreamdiscreteframer.obj
d:\workspace\sourcecode\live555\live555project\livemedia\debug\rtspcommon.obj
d:\workspace\sourcecode\live555\live555project\livemedia\debug\outputfile.obj
d:\workspace\sourcecode\live555\live555project\livemedia\debug\ourmd5.obj
d:\workspace\sourcecode\live555\live555project\livemedia\debug\wavaudiofilesource.obj
d:\workspace\sourcecode\live555\live555project\livemedia\debug\ulawaudiofilter.obj
d:\workspace\sourcecode\live555\live555project\livemedia\debug\streamreplicator.obj
d:\workspace\sourcecode\live555\live555project\livemedia\debug\streamparser.obj
d:\workspace\sourcecode\live555\live555project\livemedia\debug\livemedia.tlog\cl.command.1.tlog
d:\workspace\sourcecode\live555\live555project\livemedia\debug\livemedia.tlog\cl.read.1.tlog
d:\workspace\sourcecode\live555\live555project\livemedia\debug\livemedia.tlog\cl.write.1.tlog
