d:\workspace\sourcecode\live555\live555project\x64\debug\livemedia.pdb
d:\workspace\sourcecode\live555\live555project\x64\debug\livemedia.idb
d:\workspace\sourcecode\live555\live555project\livemedia\x64\debug\bitvector.obj
d:\workspace\sourcecode\live555\live555project\livemedia\x64\debug\basicudpsource.obj
d:\workspace\sourcecode\live555\live555project\livemedia\x64\debug\basicudpsink.obj
d:\workspace\sourcecode\live555\live555project\livemedia\x64\debug\base64.obj
d:\workspace\sourcecode\live555\live555project\livemedia\x64\debug\avifilesink.obj
d:\workspace\sourcecode\live555\live555project\livemedia\x64\debug\audiortpsink.obj
d:\workspace\sourcecode\live555\live555project\livemedia\x64\debug\audioinputdevice.obj
d:\workspace\sourcecode\live555\live555project\livemedia\x64\debug\amraudiosource.obj
d:\workspace\sourcecode\live555\live555project\livemedia\x64\debug\amraudiortpsource.obj
d:\workspace\sourcecode\live555\live555project\livemedia\x64\debug\amraudiortpsink.obj
d:\workspace\sourcecode\live555\live555project\livemedia\x64\debug\amraudiofilesource.obj
d:\workspace\sourcecode\live555\live555project\livemedia\x64\debug\amraudiofilesink.obj
d:\workspace\sourcecode\live555\live555project\livemedia\x64\debug\amraudiofileservermediasubsession.obj
d:\workspace\sourcecode\live555\live555project\livemedia\x64\debug\adtsaudiostreamdiscreteframer.obj
d:\workspace\sourcecode\live555\live555project\livemedia\x64\debug\adtsaudiofilesource.obj
d:\workspace\sourcecode\live555\live555project\livemedia\x64\debug\adtsaudiofileservermediasubsession.obj
d:\workspace\sourcecode\live555\live555project\livemedia\x64\debug\ac3audiostreamframer.obj
d:\workspace\sourcecode\live555\live555project\livemedia\x64\debug\ac3audiortpsource.obj
d:\workspace\sourcecode\live555\live555project\livemedia\x64\debug\ac3audiortpsink.obj
d:\workspace\sourcecode\live555\live555project\livemedia\x64\debug\ac3audiofileservermediasubsession.obj
d:\workspace\sourcecode\live555\live555project\livemedia\x64\debug\h263plusvideortpsink.obj
d:\workspace\sourcecode\live555\live555project\livemedia\x64\debug\h263plusvideofileservermediasubsession.obj
d:\workspace\sourcecode\live555\live555project\livemedia\x64\debug\h261videortpsource.obj
d:\workspace\sourcecode\live555\live555project\livemedia\x64\debug\gsmaudiortpsink.obj
d:\workspace\sourcecode\live555\live555project\livemedia\x64\debug\genericmediaserver.obj
d:\workspace\sourcecode\live555\live555project\livemedia\x64\debug\framedsource.obj
d:\workspace\sourcecode\live555\live555project\livemedia\x64\debug\framedfilter.obj
d:\workspace\sourcecode\live555\live555project\livemedia\x64\debug\framedfilesource.obj
d:\workspace\sourcecode\live555\live555project\livemedia\x64\debug\filesink.obj
d:\workspace\sourcecode\live555\live555project\livemedia\x64\debug\fileservermediasubsession.obj
d:\workspace\sourcecode\live555\live555project\livemedia\x64\debug\ebmlnumber.obj
d:\workspace\sourcecode\live555\live555project\livemedia\x64\debug\dvvideostreamframer.obj
d:\workspace\sourcecode\live555\live555project\livemedia\x64\debug\dvvideortpsource.obj
d:\workspace\sourcecode\live555\live555project\livemedia\x64\debug\dvvideortpsink.obj
d:\workspace\sourcecode\live555\live555project\livemedia\x64\debug\dvvideofileservermediasubsession.obj
d:\workspace\sourcecode\live555\live555project\livemedia\x64\debug\digestauthentication.obj
d:\workspace\sourcecode\live555\live555project\livemedia\x64\debug\devicesource.obj
d:\workspace\sourcecode\live555\live555project\livemedia\x64\debug\bytestreammultifilesource.obj
d:\workspace\sourcecode\live555\live555project\livemedia\x64\debug\bytestreammemorybuffersource.obj
d:\workspace\sourcecode\live555\live555project\livemedia\x64\debug\bytestreamfilesource.obj
d:\workspace\sourcecode\live555\live555project\livemedia\x64\debug\hlssegmenter.obj
d:\workspace\sourcecode\live555\live555project\livemedia\x64\debug\h265videostreamframer.obj
d:\workspace\sourcecode\live555\live555project\livemedia\x64\debug\h265videostreamdiscreteframer.obj
d:\workspace\sourcecode\live555\live555project\livemedia\x64\debug\h265videortpsource.obj
d:\workspace\sourcecode\live555\live555project\livemedia\x64\debug\h265videortpsink.obj
d:\workspace\sourcecode\live555\live555project\livemedia\x64\debug\h265videofilesink.obj
d:\workspace\sourcecode\live555\live555project\livemedia\x64\debug\h265videofileservermediasubsession.obj
d:\workspace\sourcecode\live555\live555project\livemedia\x64\debug\h264videostreamframer.obj
d:\workspace\sourcecode\live555\live555project\livemedia\x64\debug\h264videostreamdiscreteframer.obj
d:\workspace\sourcecode\live555\live555project\livemedia\x64\debug\h264videortpsource.obj
d:\workspace\sourcecode\live555\live555project\livemedia\x64\debug\h264videortpsink.obj
d:\workspace\sourcecode\live555\live555project\livemedia\x64\debug\h264videofilesink.obj
d:\workspace\sourcecode\live555\live555project\livemedia\x64\debug\h264videofileservermediasubsession.obj
d:\workspace\sourcecode\live555\live555project\livemedia\x64\debug\h264or5videostreamframer.obj
d:\workspace\sourcecode\live555\live555project\livemedia\x64\debug\h264or5videostreamdiscreteframer.obj
d:\workspace\sourcecode\live555\live555project\livemedia\x64\debug\h264or5videortpsink.obj
d:\workspace\sourcecode\live555\live555project\livemedia\x64\debug\h264or5videofilesink.obj
d:\workspace\sourcecode\live555\live555project\livemedia\x64\debug\h263plusvideostreamparser.obj
d:\workspace\sourcecode\live555\live555project\livemedia\x64\debug\h263plusvideostreamframer.obj
d:\workspace\sourcecode\live555\live555project\livemedia\x64\debug\h263plusvideortpsource.obj
d:\workspace\sourcecode\live555\live555project\livemedia\x64\debug\mp3adudescriptor.obj
d:\workspace\sourcecode\live555\live555project\livemedia\x64\debug\mp3adu.obj
d:\workspace\sourcecode\live555\live555project\livemedia\x64\debug\mikey.obj
d:\workspace\sourcecode\live555\live555project\livemedia\x64\debug\mediasource.obj
d:\workspace\sourcecode\live555\live555project\livemedia\x64\debug\mediasink.obj
d:\workspace\sourcecode\live555\live555project\livemedia\x64\debug\mediasession.obj
d:\workspace\sourcecode\live555\live555project\livemedia\x64\debug\media.obj
d:\workspace\sourcecode\live555\live555project\livemedia\x64\debug\matroskafileservermediasubsession.obj
d:\workspace\sourcecode\live555\live555project\livemedia\x64\debug\matroskafileserverdemux.obj
d:\workspace\sourcecode\live555\live555project\livemedia\x64\debug\matroskafileparser.obj
d:\workspace\sourcecode\live555\live555project\livemedia\x64\debug\matroskafile.obj
d:\workspace\sourcecode\live555\live555project\livemedia\x64\debug\matroskademuxedtrack.obj
d:\workspace\sourcecode\live555\live555project\livemedia\x64\debug\locale.obj
d:\workspace\sourcecode\live555\live555project\livemedia\x64\debug\jpegvideosource.obj
d:\workspace\sourcecode\live555\live555project\livemedia\x64\debug\jpegvideortpsource.obj
d:\workspace\sourcecode\live555\live555project\livemedia\x64\debug\jpegvideortpsink.obj
d:\workspace\sourcecode\live555\live555project\livemedia\x64\debug\jpeg2000videortpsource.obj
d:\workspace\sourcecode\live555\live555project\livemedia\x64\debug\jpeg2000videortpsink.obj
d:\workspace\sourcecode\live555\live555project\livemedia\x64\debug\inputfile.obj
d:\workspace\sourcecode\live555\live555project\livemedia\x64\debug\hmac_sha1.obj
d:\workspace\sourcecode\live555\live555project\livemedia\x64\debug\mpeg1or2videofileservermediasubsession.obj
d:\workspace\sourcecode\live555\live555project\livemedia\x64\debug\mpeg1or2fileserverdemux.obj
d:\workspace\sourcecode\live555\live555project\livemedia\x64\debug\mpeg1or2demuxedservermediasubsession.obj
d:\workspace\sourcecode\live555\live555project\livemedia\x64\debug\mpeg1or2demuxedelementarystream.obj
d:\workspace\sourcecode\live555\live555project\livemedia\x64\debug\mpeg1or2demux.obj
d:\workspace\sourcecode\live555\live555project\livemedia\x64\debug\mpeg1or2audiostreamframer.obj
d:\workspace\sourcecode\live555\live555project\livemedia\x64\debug\mpeg1or2audiortpsource.obj
d:\workspace\sourcecode\live555\live555project\livemedia\x64\debug\mpeg1or2audiortpsink.obj
d:\workspace\sourcecode\live555\live555project\livemedia\x64\debug\mp3transcoder.obj
d:\workspace\sourcecode\live555\live555project\livemedia\x64\debug\mp3streamstate.obj
d:\workspace\sourcecode\live555\live555project\livemedia\x64\debug\mp3internalshuffmantable.obj
d:\workspace\sourcecode\live555\live555project\livemedia\x64\debug\mp3internalshuffman.obj
d:\workspace\sourcecode\live555\live555project\livemedia\x64\debug\mp3internals.obj
d:\workspace\sourcecode\live555\live555project\livemedia\x64\debug\mp3filesource.obj
d:\workspace\sourcecode\live555\live555project\livemedia\x64\debug\mp3audiomatroskafileservermediasubsession.obj
d:\workspace\sourcecode\live555\live555project\livemedia\x64\debug\mp3audiofileservermediasubsession.obj
d:\workspace\sourcecode\live555\live555project\livemedia\x64\debug\mp3adutranscoder.obj
d:\workspace\sourcecode\live555\live555project\livemedia\x64\debug\mp3adurtpsource.obj
d:\workspace\sourcecode\live555\live555project\livemedia\x64\debug\mp3adurtpsink.obj
d:\workspace\sourcecode\live555\live555project\livemedia\x64\debug\mp3aduinterleaving.obj
d:\workspace\sourcecode\live555\live555project\livemedia\x64\debug\mpeg2transportudpservermediasubsession.obj
d:\workspace\sourcecode\live555\live555project\livemedia\x64\debug\mpeg2transportstreamtrickmodefilter.obj
d:\workspace\sourcecode\live555\live555project\livemedia\x64\debug\mpeg2transportstreamparser_stream.obj
d:\workspace\sourcecode\live555\live555project\livemedia\x64\debug\mpeg2transportstreamparser_pmt.obj
d:\workspace\sourcecode\live555\live555project\livemedia\x64\debug\mpeg2transportstreamparser_pat.obj
d:\workspace\sourcecode\live555\live555project\livemedia\x64\debug\mpeg2transportstreamparser.obj
d:\workspace\sourcecode\live555\live555project\livemedia\x64\debug\mpeg2transportstreammultiplexor.obj
d:\workspace\sourcecode\live555\live555project\livemedia\x64\debug\mpeg2transportstreamindexfile.obj
d:\workspace\sourcecode\live555\live555project\livemedia\x64\debug\mpeg2transportstreamfrompessource.obj
d:\workspace\sourcecode\live555\live555project\livemedia\x64\debug\mpeg2transportstreamfromessource.obj
d:\workspace\sourcecode\live555\live555project\livemedia\x64\debug\mpeg2transportstreamframer.obj
d:\workspace\sourcecode\live555\live555project\livemedia\x64\debug\mpeg2transportstreamdemuxedtrack.obj
d:\workspace\sourcecode\live555\live555project\livemedia\x64\debug\mpeg2transportstreamdemux.obj
d:\workspace\sourcecode\live555\live555project\livemedia\x64\debug\mpeg2transportstreamaccumulator.obj
d:\workspace\sourcecode\live555\live555project\livemedia\x64\debug\mpeg2transportfileservermediasubsession.obj
d:\workspace\sourcecode\live555\live555project\livemedia\x64\debug\mpeg2indexfromtransportstream.obj
d:\workspace\sourcecode\live555\live555project\livemedia\x64\debug\mpeg1or2videostreamframer.obj
d:\workspace\sourcecode\live555\live555project\livemedia\x64\debug\mpeg1or2videostreamdiscreteframer.obj
d:\workspace\sourcecode\live555\live555project\livemedia\x64\debug\mpeg1or2videortpsource.obj
d:\workspace\sourcecode\live555\live555project\livemedia\x64\debug\mpeg1or2videortpsink.obj
d:\workspace\sourcecode\live555\live555project\livemedia\x64\debug\ondemandservermediasubsession.obj
d:\workspace\sourcecode\live555\live555project\livemedia\x64\debug\oggfilesink.obj
d:\workspace\sourcecode\live555\live555project\livemedia\x64\debug\oggfileservermediasubsession.obj
d:\workspace\sourcecode\live555\live555project\livemedia\x64\debug\oggfileserverdemux.obj
d:\workspace\sourcecode\live555\live555project\livemedia\x64\debug\oggfileparser.obj
d:\workspace\sourcecode\live555\live555project\livemedia\x64\debug\oggfile.obj
d:\workspace\sourcecode\live555\live555project\livemedia\x64\debug\oggdemuxedtrack.obj
d:\workspace\sourcecode\live555\live555project\livemedia\x64\debug\multiframedrtpsource.obj
d:\workspace\sourcecode\live555\live555project\livemedia\x64\debug\multiframedrtpsink.obj
d:\workspace\sourcecode\live555\live555project\livemedia\x64\debug\mpegvideostreamparser.obj
d:\workspace\sourcecode\live555\live555project\livemedia\x64\debug\mpegvideostreamframer.obj
d:\workspace\sourcecode\live555\live555project\livemedia\x64\debug\mpeg4videostreamframer.obj
d:\workspace\sourcecode\live555\live555project\livemedia\x64\debug\mpeg4videostreamdiscreteframer.obj
d:\workspace\sourcecode\live555\live555project\livemedia\x64\debug\mpeg4videofileservermediasubsession.obj
d:\workspace\sourcecode\live555\live555project\livemedia\x64\debug\mpeg4latmaudiortpsource.obj
d:\workspace\sourcecode\live555\live555project\livemedia\x64\debug\mpeg4latmaudiortpsink.obj
d:\workspace\sourcecode\live555\live555project\livemedia\x64\debug\mpeg4genericrtpsource.obj
d:\workspace\sourcecode\live555\live555project\livemedia\x64\debug\mpeg4genericrtpsink.obj
d:\workspace\sourcecode\live555\live555project\livemedia\x64\debug\mpeg4esvideortpsource.obj
d:\workspace\sourcecode\live555\live555project\livemedia\x64\debug\mpeg4esvideortpsink.obj
d:\workspace\sourcecode\live555\live555project\livemedia\x64\debug\simplertpsink.obj
d:\workspace\sourcecode\live555\live555project\livemedia\x64\debug\servermediasession.obj
d:\workspace\sourcecode\live555\live555project\livemedia\x64\debug\rtspserverregister.obj
d:\workspace\sourcecode\live555\live555project\livemedia\x64\debug\rtspserver.obj
d:\workspace\sourcecode\live555\live555project\livemedia\x64\debug\rtspregistersender.obj
d:\workspace\sourcecode\live555\live555project\livemedia\x64\debug\rtspcommon.obj
d:\workspace\sourcecode\live555\live555project\livemedia\x64\debug\rtspclient.obj
d:\workspace\sourcecode\live555\live555project\livemedia\x64\debug\rtpsource.obj
d:\workspace\sourcecode\live555\live555project\livemedia\x64\debug\rtpsink.obj
d:\workspace\sourcecode\live555\live555project\livemedia\x64\debug\rtpinterface.obj
d:\workspace\sourcecode\live555\live555project\livemedia\x64\debug\rtcp.obj
d:\workspace\sourcecode\live555\live555project\livemedia\x64\debug\rawvideortpsource.obj
d:\workspace\sourcecode\live555\live555project\livemedia\x64\debug\rawvideortpsink.obj
d:\workspace\sourcecode\live555\live555project\livemedia\x64\debug\quicktimegenericrtpsource.obj
d:\workspace\sourcecode\live555\live555project\livemedia\x64\debug\quicktimefilesink.obj
d:\workspace\sourcecode\live555\live555project\livemedia\x64\debug\qcelpaudiortpsource.obj
d:\workspace\sourcecode\live555\live555project\livemedia\x64\debug\proxyservermediasession.obj
d:\workspace\sourcecode\live555\live555project\livemedia\x64\debug\passiveservermediasubsession.obj
d:\workspace\sourcecode\live555\live555project\livemedia\x64\debug\outputfile.obj
d:\workspace\sourcecode\live555\live555project\livemedia\x64\debug\ourmd5.obj
d:\workspace\sourcecode\live555\live555project\livemedia\x64\debug\wavaudiofilesource.obj
d:\workspace\sourcecode\live555\live555project\livemedia\x64\debug\wavaudiofileservermediasubsession.obj
d:\workspace\sourcecode\live555\live555project\livemedia\x64\debug\vp9videortpsource.obj
d:\workspace\sourcecode\live555\live555project\livemedia\x64\debug\vp9videortpsink.obj
d:\workspace\sourcecode\live555\live555project\livemedia\x64\debug\vp8videortpsource.obj
d:\workspace\sourcecode\live555\live555project\livemedia\x64\debug\vp8videortpsink.obj
d:\workspace\sourcecode\live555\live555project\livemedia\x64\debug\vorbisaudiortpsource.obj
d:\workspace\sourcecode\live555\live555project\livemedia\x64\debug\vorbisaudiortpsink.obj
d:\workspace\sourcecode\live555\live555project\livemedia\x64\debug\videortpsink.obj
d:\workspace\sourcecode\live555\live555project\livemedia\x64\debug\ulawaudiofilter.obj
d:\workspace\sourcecode\live555\live555project\livemedia\x64\debug\tlsstate.obj
d:\workspace\sourcecode\live555\live555project\livemedia\x64\debug\theoravideortpsource.obj
d:\workspace\sourcecode\live555\live555project\livemedia\x64\debug\theoravideortpsink.obj
d:\workspace\sourcecode\live555\live555project\livemedia\x64\debug\textrtpsink.obj
d:\workspace\sourcecode\live555\live555project\livemedia\x64\debug\t140textrtpsink.obj
d:\workspace\sourcecode\live555\live555project\livemedia\x64\debug\streamreplicator.obj
d:\workspace\sourcecode\live555\live555project\livemedia\x64\debug\streamparser.obj
d:\workspace\sourcecode\live555\live555project\livemedia\x64\debug\srtpcryptographiccontext.obj
d:\workspace\sourcecode\live555\live555project\livemedia\x64\debug\sipclient.obj
d:\workspace\sourcecode\live555\live555project\livemedia\x64\debug\simplertpsource.obj
d:\workspace\sourcecode\live555\live555project\livemedia\x64\debug\rtcp_from_spec.obj
d:\workspace\sourcecode\live555\live555project\x64\debug\livemedia.lib
d:\workspace\sourcecode\live555\live555project\livemedia\x64\debug\livemedia.tlog\cl.command.1.tlog
d:\workspace\sourcecode\live555\live555project\livemedia\x64\debug\livemedia.tlog\cl.read.1.tlog
d:\workspace\sourcecode\live555\live555project\livemedia\x64\debug\livemedia.tlog\cl.write.1.tlog
d:\workspace\sourcecode\live555\live555project\livemedia\x64\debug\livemedia.tlog\lib-link.read.1.tlog
d:\workspace\sourcecode\live555\live555project\livemedia\x64\debug\livemedia.tlog\lib-link.write.1.tlog
d:\workspace\sourcecode\live555\live555project\livemedia\x64\debug\livemedia.tlog\lib.command.1.tlog
